<?xml version="1.0" encoding="UTF-8"?>
<coverage generated="1590077061067" clover="3.2.0">
  <project timestamp="1590077061067" name="All files">
    <metrics statements="57" coveredstatements="45" conditionals="32" coveredconditionals="24" methods="11" coveredmethods="9" elements="100" coveredelements="78" complexity="0" loc="57" ncloc="57" packages="2" files="3" classes="3"/>
    <package name="lib">
      <metrics statements="53" coveredstatements="41" conditionals="32" coveredconditionals="24" methods="11" coveredmethods="9"/>
      <file name="input.js" path="/mnt/c/Users/STD/codefellows/401/labs/Notesy/notes/lib/input.js">
        <metrics statements="28" coveredstatements="23" conditionals="22" coveredconditionals="15" methods="4" coveredmethods="4"/>
        <line num="2" count="1" type="stmt"/>
        <line num="6" count="7" type="stmt"/>
        <line num="8" count="7" type="stmt"/>
        <line num="11" count="7" type="cond" truecount="3" falsecount="1"/>
        <line num="12" count="0" type="cond" truecount="0" falsecount="2"/>
        <line num="13" count="0" type="cond" truecount="0" falsecount="2"/>
        <line num="15" count="0" type="stmt"/>
        <line num="17" count="7" type="cond" truecount="1" falsecount="1"/>
        <line num="18" count="0" type="stmt"/>
        <line num="19" count="7" type="cond" truecount="1" falsecount="1"/>
        <line num="20" count="0" type="stmt"/>
        <line num="23" count="7" type="stmt"/>
        <line num="29" count="10" type="cond" truecount="2" falsecount="0"/>
        <line num="34" count="8" type="stmt"/>
        <line num="36" count="2" type="cond" truecount="4" falsecount="0"/>
        <line num="37" count="1" type="stmt"/>
        <line num="38" count="1" type="stmt"/>
        <line num="40" count="1" type="stmt"/>
        <line num="44" count="2" type="cond" truecount="2" falsecount="0"/>
        <line num="45" count="1" type="stmt"/>
        <line num="46" count="1" type="stmt"/>
        <line num="48" count="1" type="stmt"/>
        <line num="49" count="1" type="stmt"/>
        <line num="54" count="2" type="cond" truecount="2" falsecount="0"/>
        <line num="55" count="1" type="stmt"/>
        <line num="57" count="1" type="stmt"/>
        <line num="58" count="1" type="stmt"/>
        <line num="64" count="1" type="stmt"/>
      </file>
      <file name="notes.js" path="/mnt/c/Users/STD/codefellows/401/labs/Notesy/notes/lib/notes.js">
        <metrics statements="25" coveredstatements="18" conditionals="10" coveredconditionals="9" methods="7" coveredmethods="5"/>
        <line num="5" count="1" type="stmt"/>
        <line num="16" count="7" type="cond" truecount="2" falsecount="0"/>
        <line num="17" count="1" type="stmt"/>
        <line num="19" count="6" type="cond" truecount="2" falsecount="0"/>
        <line num="20" count="2" type="stmt"/>
        <line num="22" count="4" type="cond" truecount="2" falsecount="0"/>
        <line num="23" count="2" type="stmt"/>
        <line num="26" count="2" type="stmt"/>
        <line num="32" count="1" type="stmt"/>
        <line num="34" count="1" type="stmt"/>
        <line num="35" count="1" type="stmt"/>
        <line num="36" count="0" type="stmt"/>
        <line num="42" count="2" type="cond" truecount="1" falsecount="1"/>
        <line num="43" count="0" type="stmt"/>
        <line num="46" count="2" type="stmt"/>
        <line num="47" count="2" type="stmt"/>
        <line num="50" count="0" type="stmt"/>
        <line num="56" count="2" type="cond" truecount="2" falsecount="0"/>
        <line num="57" count="1" type="stmt"/>
        <line num="59" count="0" type="stmt"/>
        <line num="60" count="0" type="stmt"/>
        <line num="66" count="1" type="stmt"/>
        <line num="68" count="0" type="stmt"/>
        <line num="69" count="0" type="stmt"/>
        <line num="82" count="1" type="stmt"/>
      </file>
    </package>
    <package name="models">
      <metrics statements="4" coveredstatements="4" conditionals="0" coveredconditionals="0" methods="0" coveredmethods="0"/>
      <file name="notes-schema.js" path="/mnt/c/Users/STD/codefellows/401/labs/Notesy/notes/models/notes-schema.js">
        <metrics statements="4" coveredstatements="4" conditionals="0" coveredconditionals="0" methods="0" coveredmethods="0"/>
        <line num="3" count="1" type="stmt"/>
        <line num="5" count="1" type="stmt"/>
        <line num="10" count="1" type="stmt"/>
        <line num="11" count="1" type="stmt"/>
      </file>
    </package>
  </project>
</coverage>
