{"/mnt/c/Users/STD/codefellows/401/labs/Notesy/notes/lib/input.js": {"path":"/mnt/c/Users/STD/codefellows/401/labs/Notesy/notes/lib/input.js","statementMap":{"0":{"start":{"line":4,"column":17},"end":{"line":4,"column":36}},"1":{"start":{"line":10,"column":17},"end":{"line":10,"column":48}},"2":{"start":{"line":12,"column":4},"end":{"line":16,"column":5}},"3":{"start":{"line":13,"column":6},"end":{"line":13,"column":51}},"4":{"start":{"line":15,"column":6},"end":{"line":15,"column":40}},"5":{"start":{"line":21,"column":4},"end":{"line":28,"column":5}},"6":{"start":{"line":22,"column":6},"end":{"line":22,"column":71}},"7":{"start":{"line":24,"column":9},"end":{"line":28,"column":5}},"8":{"start":{"line":25,"column":6},"end":{"line":25,"column":46}},"9":{"start":{"line":27,"column":6},"end":{"line":27,"column":70}},"10":{"start":{"line":33,"column":0},"end":{"line":33,"column":23}}},"fnMap":{"0":{"name":"(anonymous_0)","decl":{"start":{"line":8,"column":2},"end":{"line":8,"column":3}},"loc":{"start":{"line":8,"column":15},"end":{"line":18,"column":3}},"line":8},"1":{"name":"(anonymous_1)","decl":{"start":{"line":20,"column":2},"end":{"line":20,"column":3}},"loc":{"start":{"line":20,"column":15},"end":{"line":29,"column":3}},"line":20}},"branchMap":{"0":{"loc":{"start":{"line":12,"column":4},"end":{"line":16,"column":5}},"type":"if","locations":[{"start":{"line":12,"column":4},"end":{"line":16,"column":5}},{"start":{"line":12,"column":4},"end":{"line":16,"column":5}}],"line":12},"1":{"loc":{"start":{"line":12,"column":7},"end":{"line":12,"column":69}},"type":"binary-expr","locations":[{"start":{"line":12,"column":7},"end":{"line":12,"column":37}},{"start":{"line":12,"column":41},"end":{"line":12,"column":69}}],"line":12},"2":{"loc":{"start":{"line":13,"column":31},"end":{"line":13,"column":49}},"type":"binary-expr","locations":[{"start":{"line":13,"column":31},"end":{"line":13,"column":39}},{"start":{"line":13,"column":43},"end":{"line":13,"column":49}}],"line":13},"3":{"loc":{"start":{"line":21,"column":4},"end":{"line":28,"column":5}},"type":"if","locations":[{"start":{"line":21,"column":4},"end":{"line":28,"column":5}},{"start":{"line":21,"column":4},"end":{"line":28,"column":5}}],"line":21},"4":{"loc":{"start":{"line":24,"column":9},"end":{"line":28,"column":5}},"type":"if","locations":[{"start":{"line":24,"column":9},"end":{"line":28,"column":5}},{"start":{"line":24,"column":9},"end":{"line":28,"column":5}}],"line":24}},"s":{"0":1,"1":3,"2":3,"3":0,"4":3,"5":6,"6":4,"7":2,"8":1,"9":1,"10":1},"f":{"0":3,"1":6},"b":{"0":[0,3],"1":[3,3],"2":[0,0],"3":[4,2],"4":[1,1]},"_coverageSchema":"1a1c01bbd47fc00a2c39e90264f33305004495a9","hash":"8dbce24b3c9f48a5091e70bdfdfd30c5cf874e44"}
,"/mnt/c/Users/STD/codefellows/401/labs/Notesy/notes/lib/notes.js": {"path":"/mnt/c/Users/STD/codefellows/401/labs/Notesy/notes/lib/notes.js","statementMap":{"0":{"start":{"line":7,"column":4},"end":{"line":7,"column":28}},"1":{"start":{"line":11,"column":4},"end":{"line":14,"column":35}},"2":{"start":{"line":12,"column":6},"end":{"line":12,"column":26}},"3":{"start":{"line":14,"column":10},"end":{"line":14,"column":33}},"4":{"start":{"line":17,"column":4},"end":{"line":17,"column":37}},"5":{"start":{"line":18,"column":4},"end":{"line":18,"column":42}},"6":{"start":{"line":21,"column":4},"end":{"line":21,"column":48}},"7":{"start":{"line":27,"column":0},"end":{"line":27,"column":23}}},"fnMap":{"0":{"name":"(anonymous_0)","decl":{"start":{"line":6,"column":2},"end":{"line":6,"column":3}},"loc":{"start":{"line":6,"column":25},"end":{"line":8,"column":3}},"line":6},"1":{"name":"(anonymous_1)","decl":{"start":{"line":10,"column":2},"end":{"line":10,"column":3}},"loc":{"start":{"line":10,"column":21},"end":{"line":15,"column":3}},"line":10},"2":{"name":"(anonymous_2)","decl":{"start":{"line":16,"column":2},"end":{"line":16,"column":3}},"loc":{"start":{"line":16,"column":16},"end":{"line":22,"column":3}},"line":16}},"branchMap":{"0":{"loc":{"start":{"line":11,"column":4},"end":{"line":14,"column":35}},"type":"if","locations":[{"start":{"line":11,"column":4},"end":{"line":14,"column":35}},{"start":{"line":11,"column":4},"end":{"line":14,"column":35}}],"line":11}},"s":{"0":3,"1":6,"2":2,"3":4,"4":2,"5":2,"6":2,"7":1},"f":{"0":3,"1":6,"2":2},"b":{"0":[2,4]},"_coverageSchema":"1a1c01bbd47fc00a2c39e90264f33305004495a9","hash":"9dcfd5ee2e33c3789a6f97a0ee1696d736fb642d"}
}
