TN:
SF:lib/input.js
FN:5,(anonymous_0)
FN:34,(anonymous_1)
FN:49,(anonymous_2)
FN:59,(anonymous_3)
FN:68,(anonymous_4)
FNF:5
FNH:4
FNDA:7,(anonymous_0)
FNDA:10,(anonymous_1)
FNDA:2,(anonymous_2)
FNDA:2,(anonymous_3)
FNDA:0,(anonymous_4)
DA:2,1
DA:6,7
DA:8,7
DA:11,7
DA:12,0
DA:13,0
DA:15,0
DA:17,7
DA:18,0
DA:19,7
DA:20,0
DA:21,7
DA:22,0
DA:23,0
DA:25,0
DA:29,7
DA:35,10
DA:40,8
DA:42,2
DA:43,1
DA:44,1
DA:46,1
DA:50,2
DA:51,1
DA:52,1
DA:54,1
DA:55,1
DA:60,2
DA:61,1
DA:63,1
DA:64,1
DA:69,0
DA:70,0
DA:71,0
DA:73,0
DA:79,1
LF:36
LH:24
BRDA:11,0,0,0
BRDA:11,0,1,7
BRDA:11,1,0,7
BRDA:11,1,1,7
BRDA:12,2,0,0
BRDA:12,2,1,0
BRDA:13,3,0,0
BRDA:13,3,1,0
BRDA:17,4,0,0
BRDA:17,4,1,7
BRDA:19,5,0,0
BRDA:19,5,1,7
BRDA:21,6,0,0
BRDA:21,6,1,7
BRDA:22,7,0,0
BRDA:22,7,1,0
BRDA:35,8,0,8
BRDA:35,8,1,2
BRDA:42,9,0,1
BRDA:42,9,1,1
BRDA:42,10,0,2
BRDA:42,10,1,1
BRDA:50,11,0,1
BRDA:50,11,1,1
BRDA:60,12,0,1
BRDA:60,12,1,1
BRDA:69,13,0,0
BRDA:69,13,1,0
BRDA:69,14,0,0
BRDA:69,14,1,0
BRF:30
BRH:16
end_of_record
TN:
SF:models/notes-collection.js
FN:7,(anonymous_0)
FN:11,(anonymous_1)
FN:22,(anonymous_2)
FN:27,(anonymous_3)
FN:31,(anonymous_4)
FNF:5
FNH:3
FNDA:1,(anonymous_0)
FNDA:1,(anonymous_1)
FNDA:2,(anonymous_2)
FNDA:0,(anonymous_3)
FNDA:0,(anonymous_4)
DA:3,1
DA:12,1
DA:13,1
DA:16,0
DA:23,2
DA:24,2
DA:28,0
DA:32,0
DA:36,1
LF:9
LH:6
BRDA:12,0,0,1
BRDA:12,0,1,0
BRF:2
BRH:1
end_of_record
TN:
SF:models/notes-schema.js
FNF:0
FNH:0
DA:3,1
DA:5,1
DA:10,1
DA:11,1
LF:4
LH:4
BRF:0
BRH:0
end_of_record
