TN:
SF:lib/input.js
FN:7,(anonymous_0)
FN:19,(anonymous_1)
FNF:2
FNH:2
FNDA:3,(anonymous_0)
FNDA:6,(anonymous_1)
DA:4,1
DA:9,3
DA:11,3
DA:12,0
DA:14,3
DA:20,6
DA:21,4
DA:23,2
DA:24,1
DA:26,1
DA:31,1
LF:11
LH:10
BRDA:11,0,0,0
BRDA:11,0,1,3
BRDA:11,1,0,3
BRDA:11,1,1,3
BRDA:12,2,0,0
BRDA:12,2,1,0
BRDA:20,3,0,4
BRDA:20,3,1,2
BRDA:23,4,0,1
BRDA:23,4,1,1
BRF:10
BRH:7
end_of_record
TN:
SF:lib/notes.js
FN:7,(anonymous_0)
FN:11,(anonymous_1)
FN:17,(anonymous_2)
FNF:3
FNH:3
FNDA:3,(anonymous_0)
FNDA:6,(anonymous_1)
FNDA:2,(anonymous_2)
DA:8,3
DA:12,6
DA:13,2
DA:15,4
DA:18,2
DA:19,2
DA:22,2
DA:28,1
LF:8
LH:8
BRDA:12,0,0,2
BRDA:12,0,1,4
BRF:2
BRH:2
end_of_record
